Using pre-set license
Built from '2021.2/staging' branch; Version is '2021.2.2f1 (5e2b1e92c7f8) revision 6171422'; Using compiler version '192829333'; Build Type 'Release'
OS: 'Windows 10 Pro; OS build 19042.1415; Version 2009; 64bit' Language: 'en' Physical Memory: 32677 MB
BatchMode: 1, IsHumanControllingUs: 0, StartBugReporterOnCrash: 0, Is64bit: 1, IsPro: 0

COMMAND LINE ARGUMENTS:
C:\Program Files\Unity\Hub\Editor\2021.2.2f1\Editor\Unity.exe
-adb2
-batchMode
-noUpm
-name
AssetImportWorker0
-projectPath
C:/proj/Display
-logFile
Logs/AssetImportWorker0.log
-srvPort
52403
Successfully changed project path to: C:/proj/Display
C:/proj/Display
[UnityMemory] Configuration Parameters - Can be set up in boot.config
    "memorysetup-bucket-allocator-granularity=16"
    "memorysetup-bucket-allocator-bucket-count=8"
    "memorysetup-bucket-allocator-block-size=33554432"
    "memorysetup-bucket-allocator-block-count=8"
    "memorysetup-main-allocator-block-size=16777216"
    "memorysetup-thread-allocator-block-size=16777216"
    "memorysetup-gfx-main-allocator-block-size=16777216"
    "memorysetup-gfx-thread-allocator-block-size=16777216"
    "memorysetup-cache-allocator-block-size=4194304"
    "memorysetup-typetree-allocator-block-size=2097152"
    "memorysetup-profiler-bucket-allocator-granularity=16"
    "memorysetup-profiler-bucket-allocator-bucket-count=8"
    "memorysetup-profiler-bucket-allocator-block-size=33554432"
    "memorysetup-profiler-bucket-allocator-block-count=8"
    "memorysetup-profiler-allocator-block-size=16777216"
    "memorysetup-profiler-editor-allocator-block-size=1048576"
    "memorysetup-temp-allocator-size-main=16777216"
    "memorysetup-job-temp-allocator-block-size=2097152"
    "memorysetup-job-temp-allocator-block-size-background=1048576"
    "memorysetup-job-temp-allocator-reduction-small-platforms=262144"
    "memorysetup-temp-allocator-size-background-worker=32768"
    "memorysetup-temp-allocator-size-job-worker=262144"
    "memorysetup-temp-allocator-size-preload-manager=33554432"
    "memorysetup-temp-allocator-size-nav-mesh-worker=65536"
    "memorysetup-temp-allocator-size-audio-worker=65536"
    "memorysetup-temp-allocator-size-cloud-worker=32768"
    "memorysetup-temp-allocator-size-gi-baking-worker=262144"
    "memorysetup-temp-allocator-size-gfx=262144"
Refreshing native plugins compatible for Editor in 56.09 ms, found 3 plugins.
Preloading 0 native plugins for Editor in 0.00 ms.
Initialize engine version: 2021.2.2f1 (5e2b1e92c7f8)
[Subsystems] Discovering subsystems at path C:/Program Files/Unity/Hub/Editor/2021.2.2f1/Editor/Data/Resources/UnitySubsystems
[Subsystems] Discovering subsystems at path C:/proj/Display/Assets
GfxDevice: creating device client; threaded=0; jobified=0
Direct3D:
    Version:  Direct3D 11.0 [level 11.1]
    Renderer: NVIDIA GeForce RTX 3070 (ID=0x2484)
    Vendor:   NVIDIA
    VRAM:     8043 MB
    Driver:   30.0.14.9676
Initialize mono
Mono path[0] = 'C:/Program Files/Unity/Hub/Editor/2021.2.2f1/Editor/Data/Managed'
Mono path[1] = 'C:/Program Files/Unity/Hub/Editor/2021.2.2f1/Editor/Data/MonoBleedingEdge/lib/mono/unityjit-win32'
Mono config path = 'C:/Program Files/Unity/Hub/Editor/2021.2.2f1/Editor/Data/MonoBleedingEdge/etc'
Using monoOptions --debugger-agent=transport=dt_socket,embedding=1,server=y,suspend=n,address=127.0.0.1:56304
Begin MonoManager ReloadAssembly
Registering precompiled unity dll's ...
Register platform support module: C:/Program Files/Unity/Hub/Editor/2021.2.2f1/Editor/Data/PlaybackEngines/WindowsStandaloneSupport/UnityEditor.WindowsStandalone.Extensions.dll
Registered in 0.006161 seconds.
Native extension for WindowsStandalone target not found
Refreshing native plugins compatible for Editor in 57.52 ms, found 3 plugins.
Preloading 0 native plugins for Editor in 0.00 ms.
Mono: successfully reloaded assembly
- Completed reload, in  0.506 seconds
Domain Reload Profiling:
	ReloadAssembly (506ms)
		BeginReloadAssembly (61ms)
			ExecutionOrderSort (0ms)
			DisableScriptedObjects (0ms)
			BackupInstance (0ms)
			ReleaseScriptingObjects (0ms)
			CreateAndSetChildDomain (1ms)
		EndReloadAssembly (376ms)
			LoadAssemblies (59ms)
			RebuildTransferFunctionScriptingTraits (0ms)
			SetupTypeCache (83ms)
			ReleaseScriptCaches (0ms)
			RebuildScriptCaches (22ms)
			SetupLoadedEditorAssemblies (228ms)
				LogAssemblyErrors (0ms)
				InitializePlatformSupportModulesInManaged (13ms)
				SetLoadedEditorAssemblies (0ms)
				RefreshPlugins (58ms)
				BeforeProcessingInitializeOnLoad (1ms)
				ProcessInitializeOnLoadAttributes (119ms)
				ProcessInitializeOnLoadMethodAttributes (38ms)
				AfterProcessingInitializeOnLoad (0ms)
				EditorAssembliesLoaded (0ms)
			ExecutionOrderSort2 (0ms)
			AwakeInstancesAfterBackupRestoration (0ms)
Platform modules already initialized, skipping
Registering precompiled user dll's ...
Registered in 0.004315 seconds.
Begin MonoManager ReloadAssembly
Symbol file LoadedFromMemory doesn't match image C:\proj\Display\Library\PackageCache\com.unity.visualscripting@1.7.5\Editor\VisualScripting.Core\Dependencies\YamlDotNet\Unity.VisualScripting.YamlDotNet.dll
Symbol file LoadedFromMemory doesn't match image C:\proj\Display\Library\PackageCache\com.unity.visualscripting@1.7.5\Editor\VisualScripting.Core\Dependencies\DotNetZip\Unity.VisualScripting.IonicZip.dll
Native extension for WindowsStandalone target not found
Refreshing native plugins compatible for Editor in 0.49 ms, found 3 plugins.
Preloading 0 native plugins for Editor in 0.00 ms.
Mono: successfully reloaded assembly
- Completed reload, in  0.940 seconds
Domain Reload Profiling:
	ReloadAssembly (941ms)
		BeginReloadAssembly (143ms)
			ExecutionOrderSort (0ms)
			DisableScriptedObjects (6ms)
			BackupInstance (0ms)
			ReleaseScriptingObjects (0ms)
			CreateAndSetChildDomain (16ms)
		EndReloadAssembly (715ms)
			LoadAssemblies (59ms)
			RebuildTransferFunctionScriptingTraits (0ms)
			SetupTypeCache (199ms)
			ReleaseScriptCaches (1ms)
			RebuildScriptCaches (46ms)
			SetupLoadedEditorAssemblies (310ms)
				LogAssemblyErrors (0ms)
				InitializePlatformSupportModulesInManaged (11ms)
				SetLoadedEditorAssemblies (0ms)
				RefreshPlugins (1ms)
				BeforeProcessingInitializeOnLoad (65ms)
				ProcessInitializeOnLoadAttributes (206ms)
				ProcessInitializeOnLoadMethodAttributes (20ms)
				AfterProcessingInitializeOnLoad (7ms)
				EditorAssembliesLoaded (0ms)
			ExecutionOrderSort2 (0ms)
			AwakeInstancesAfterBackupRestoration (5ms)
Platform modules already initialized, skipping
========================================================================
Worker process is ready to serve import requests
Launched and connected shader compiler UnityShaderCompiler.exe after 0.05 seconds
Refreshing native plugins compatible for Editor in 0.57 ms, found 3 plugins.
Preloading 0 native plugins for Editor in 0.00 ms.
Unloading 3079 Unused Serialized files (Serialized files now loaded: 0)
Unloading 23 unused Assets / (55.8 KB). Loaded Objects now: 3538.
Memory consumption went from 109.8 MB to 109.7 MB.
Total: 2.721900 ms (FindLiveObjects: 0.221800 ms CreateObjectMapping: 0.091800 ms MarkObjects: 2.351100 ms  DeleteObjects: 0.056400 ms)

AssetImportParameters requested are different than current active one (requested -> active):
  custom:video-decoder-ogg-theora: a1e56fd34408186e4bbccfd4996cb3dc -> 
  custom:container-muxer-webm: aa71ff27fc2769a1b78a27578f13a17b -> 
  custom:container-demuxer-webm: 4f35f7cbe854078d1ac9338744f61a02 -> 
  custom:video-encoder-webm-vp8: eb34c28f22e8b96e1ab97ce403110664 -> 
  custom:audio-encoder-webm-vorbis: bf7c407c2cedff20999df2af8eb42d56 -> 
  custom:framework-win-MediaFoundation: 216162199b28c13a410421893ffa2e32 -> 
  custom:container-demuxer-ogg: 62fdf1f143b41e24485cea50d1cbac27 -> 
  custom:video-decoder-webm-vp8: 9c59270c3fd7afecdb556c50c9e8de78 -> 
  custom:audio-decoder-ogg-vorbis: bf7c407c2cedff20999df2af8eb42d56 -> 
========================================================================
Received Import Request.
  Time since last request: 155503.853634 seconds.
  path: Assets/Materials
  artifactKey: Guid(9c446c769c16b624fb8d156bdc8c305a) Importer(815301076,1909f56bfc062723c751e8b465ee728b)
Start importing Assets/Materials using Guid(9c446c769c16b624fb8d156bdc8c305a) Importer(815301076,1909f56bfc062723c751e8b465ee728b)  -> (artifact id: 'd5ff901fbb02dd1eb6063cf03a74563c') in 0.008549 seconds 
========================================================================
Received Import Request.
  Time since last request: 6.098000 seconds.
  path: Assets/Materials/GroundMaterial.mat
  artifactKey: Guid(9b725ac501647b24ebdcfd95f43fd3d3) Importer(815301076,1909f56bfc062723c751e8b465ee728b)
Start importing Assets/Materials/GroundMaterial.mat using Guid(9b725ac501647b24ebdcfd95f43fd3d3) Importer(815301076,1909f56bfc062723c751e8b465ee728b)  -> (artifact id: 'fb5844dd49aee04562be6af447f06561') in 0.092644 seconds 
========================================================================
Received Import Request.
  Time since last request: 9.137273 seconds.
  path: Assets/Materials/GroundMaterial.mat
  artifactKey: Guid(9b725ac501647b24ebdcfd95f43fd3d3) Importer(815301076,1909f56bfc062723c751e8b465ee728b)
Start importing Assets/Materials/GroundMaterial.mat using Guid(9b725ac501647b24ebdcfd95f43fd3d3) Importer(815301076,1909f56bfc062723c751e8b465ee728b)  -> (artifact id: '3d95635857617506b9f56db5ddf95b9d') in 0.021645 seconds 
========================================================================
Received Import Request.
  Time since last request: 34.029984 seconds.
  path: Assets/Materials/AppleMaterial.mat
  artifactKey: Guid(d340821750cceea4ca0b491fd8ae8dc6) Importer(815301076,1909f56bfc062723c751e8b465ee728b)
Start importing Assets/Materials/AppleMaterial.mat using Guid(d340821750cceea4ca0b491fd8ae8dc6) Importer(815301076,1909f56bfc062723c751e8b465ee728b)  -> (artifact id: '344032f87c9cb688810210b35469425e') in 0.009628 seconds 
========================================================================
Received Import Request.
  Time since last request: 12.900729 seconds.
  path: Assets/Materials/FruitMaterial.mat
  artifactKey: Guid(d340821750cceea4ca0b491fd8ae8dc6) Importer(815301076,1909f56bfc062723c751e8b465ee728b)
Start importing Assets/Materials/FruitMaterial.mat using Guid(d340821750cceea4ca0b491fd8ae8dc6) Importer(815301076,1909f56bfc062723c751e8b465ee728b)  -> (artifact id: '086fce198db7e1a2bcc8c10a787d0931') in 0.009350 seconds 
========================================================================
Received Import Request.
  Time since last request: 23.915335 seconds.
  path: Assets/Materials/FruitMaterial.mat
  artifactKey: Guid(d340821750cceea4ca0b491fd8ae8dc6) Importer(815301076,1909f56bfc062723c751e8b465ee728b)
Start importing Assets/Materials/FruitMaterial.mat using Guid(d340821750cceea4ca0b491fd8ae8dc6) Importer(815301076,1909f56bfc062723c751e8b465ee728b)  -> (artifact id: '5f06028463c13ee37c237cc1573a21be') in 0.011485 seconds 
========================================================================
Received Import Request.
  Time since last request: 112.812276 seconds.
  path: Assets/Materials/AppleMaterial.mat
  artifactKey: Guid(d340821750cceea4ca0b491fd8ae8dc6) Importer(815301076,1909f56bfc062723c751e8b465ee728b)
Start importing Assets/Materials/AppleMaterial.mat using Guid(d340821750cceea4ca0b491fd8ae8dc6) Importer(815301076,1909f56bfc062723c751e8b465ee728b)  -> (artifact id: '91a2fd2dbfffcd4cb8a36e6153f73e55') in 0.010417 seconds 
========================================================================
Received Import Request.
  Time since last request: 4.692183 seconds.
  path: Assets/Materials/BananaMaterial.mat
  artifactKey: Guid(7834b8eec4f2b7c419a37dddbfa1fffe) Importer(815301076,1909f56bfc062723c751e8b465ee728b)
Start importing Assets/Materials/BananaMaterial.mat using Guid(7834b8eec4f2b7c419a37dddbfa1fffe) Importer(815301076,1909f56bfc062723c751e8b465ee728b)  -> (artifact id: '80a3d7d498d6db647e9f160e1ae7dc81') in 0.012069 seconds 
========================================================================
Received Import Request.
  Time since last request: 58.683149 seconds.
  path: Assets/Materials/BananaMaterial.mat
  artifactKey: Guid(7834b8eec4f2b7c419a37dddbfa1fffe) Importer(815301076,1909f56bfc062723c751e8b465ee728b)
Start importing Assets/Materials/BananaMaterial.mat using Guid(7834b8eec4f2b7c419a37dddbfa1fffe) Importer(815301076,1909f56bfc062723c751e8b465ee728b)  -> (artifact id: 'd9d2638ebbaa5d7dfb1ebfbaebdd14f6') in 0.009549 seconds 
